C51 COMPILER V9.60.7.0   FONT                                                              11/18/2025 22:05:11 PAGE 1   


C51 COMPILER V9.60.7.0, COMPILATION OF MODULE FONT
OBJECT MODULE PLACED IN .\Objects\font.obj
COMPILER INVOKED BY: C:\Keil_v5\C51\BIN\C51.EXE font.c ROM(COMPACT) OPTIMIZE(8,SPEED) PRINT(.\Listings\font.lst) TABS(2)
                    - OBJECT(.\Objects\font.obj)

line level    source

   1          #include "font.h"
   2          
   3          // 8x16字体数据 (0-9, ':', '-', '/', ' ')
   4          unsigned char code Font_8x16[][16] = {
   5              {0x00, 0xE0, 0x10, 0x08, 0x08, 0x10, 0xE0, 0x00, 0x00, 0x0F, 0x10, 0x20, 0x20, 0x10, 0x0F, 0x00}, /*"0
             -",0*/
   6          
   7              {0x00, 0x00, 0x10, 0x10, 0xF8, 0x00, 0x00, 0x00, 0x00, 0x00, 0x20, 0x20, 0x3F, 0x20, 0x20, 0x00}, /*"1
             -",1*/
   8          
   9              {0x00, 0x70, 0x08, 0x08, 0x08, 0x08, 0xF0, 0x00, 0x00, 0x30, 0x28, 0x24, 0x22, 0x21, 0x30, 0x00}, /*"2
             -",2*/
  10          
  11              {0x00, 0x30, 0x08, 0x08, 0x08, 0x88, 0x70, 0x00, 0x00, 0x18, 0x20, 0x21, 0x21, 0x22, 0x1C, 0x00}, /*"3
             -",3*/
  12          
  13              {0x00, 0x00, 0x80, 0x40, 0x30, 0xF8, 0x00, 0x00, 0x00, 0x06, 0x05, 0x24, 0x24, 0x3F, 0x24, 0x24}, /*"4
             -",4*/
  14          
  15              {0x00, 0xF8, 0x88, 0x88, 0x88, 0x08, 0x08, 0x00, 0x00, 0x19, 0x20, 0x20, 0x20, 0x11, 0x0E, 0x00}, /*"5
             -",5*/
  16          
  17              {0x00, 0xE0, 0x10, 0x88, 0x88, 0x90, 0x00, 0x00, 0x00, 0x0F, 0x11, 0x20, 0x20, 0x20, 0x1F, 0x00}, /*"6
             -",6*/
  18          
  19              {0x00, 0x18, 0x08, 0x08, 0x88, 0x68, 0x18, 0x00, 0x00, 0x00, 0x00, 0x3E, 0x01, 0x00, 0x00, 0x00}, /*"7
             -",7*/
  20          
  21              {0x00, 0x70, 0x88, 0x08, 0x08, 0x88, 0x70, 0x00, 0x00, 0x1C, 0x22, 0x21, 0x21, 0x22, 0x1C, 0x00}, /*"8
             -",8*/
  22          
  23              {0x00, 0xF0, 0x08, 0x08, 0x08, 0x10, 0xE0, 0x00, 0x00, 0x01, 0x12, 0x22, 0x22, 0x11, 0x0F, 0x00}, /*"9
             -",9*/                                                                    
  24              // ':'
  25              {0x00, 0x00, 0x00, 0xC0, 0xC0, 0x00, 0x00, 0x00, 0x00, 0x00, 0x00, 0x30, 0x30, 0x00, 0x00, 0x00},
  26              // '-'
  27              {0x00, 0x00, 0x00, 0x00, 0x00, 0x00, 0x00, 0x00, 0x00, 0x01, 0x01, 0x01, 0x01, 0x01, 0x01, 0x00},
  28              // '/'
  29              {0x00, 0x00, 0x00, 0x00, 0x80, 0x60, 0x18, 0x04, 0x00, 0x60, 0x18, 0x06, 0x01, 0x00, 0x00, 0x00},
  30              // ' '
  31              {0x00, 0x00, 0x00, 0x00, 0x00, 0x00, 0x00, 0x00, 0x00, 0x00, 0x00, 0x00, 0x00, 0x00, 0x00, 0x00}};
  32          
  33          // 8x16 英文字母（A-Z），8 X 16 , Courier New
  34          unsigned char code Font_8x16_ext[26][16] = {
  35              {0x00, 0x00, 0x00, 0x40, 0xC0, 0x00, 0x00, 0x00, 0x00, 0x20, 0x30, 0x2F, 0x08, 0x2F, 0x30, 0x20}, //"A
             -",0
  36              {0x00, 0x40, 0xC0, 0x40, 0x40, 0x40, 0x80, 0x00, 0x00, 0x20, 0x3F, 0x22, 0x22, 0x22, 0x1D, 0x00}, //"B
             -",1
  37              {0x00, 0x00, 0x80, 0x40, 0x40, 0x40, 0xC0, 0x00, 0x00, 0x0F, 0x10, 0x20, 0x20, 0x20, 0x10, 0x00}, //"C
             -",2
  38              {0x00, 0x40, 0xC0, 0x40, 0x40, 0x80, 0x00, 0x00, 0x00, 0x20, 0x3F, 0x20, 0x20, 0x10, 0x0F, 0x00}, //"D
             -",3
  39              {0x00, 0x40, 0xC0, 0x40, 0x40, 0x40, 0xC0, 0x00, 0x00, 0x20, 0x3F, 0x22, 0x27, 0x20, 0x30, 0x00}, //"E
             -",4
C51 COMPILER V9.60.7.0   FONT                                                              11/18/2025 22:05:11 PAGE 2   

  40              {0x00, 0x40, 0xC0, 0x40, 0x40, 0x40, 0xC0, 0x00, 0x00, 0x20, 0x3F, 0x22, 0x07, 0x00, 0x00, 0x00}, //"F
             -",5
  41              {0x00, 0x00, 0x80, 0x40, 0x40, 0x40, 0xC0, 0x00, 0x00, 0x0F, 0x10, 0x20, 0x20, 0x24, 0x1C, 0x04}, //"G
             -",6
  42              {0x00, 0x40, 0xC0, 0x40, 0x00, 0x40, 0xC0, 0x40, 0x00, 0x20, 0x3F, 0x22, 0x02, 0x22, 0x3F, 0x20}, //"H
             -",7
  43              {0x00, 0x00, 0x40, 0x40, 0xC0, 0x40, 0x40, 0x00, 0x00, 0x00, 0x20, 0x20, 0x3F, 0x20, 0x20, 0x00}, //"I
             -",8
  44              {0x00, 0x00, 0x00, 0x40, 0x40, 0xC0, 0x40, 0x00, 0x00, 0x1C, 0x20, 0x20, 0x20, 0x1F, 0x00, 0x00}, //"J
             -",9
  45              {0x00, 0x40, 0xC0, 0x40, 0x00, 0x40, 0xC0, 0x40, 0x00, 0x20, 0x3F, 0x24, 0x06, 0x09, 0x30, 0x20}, //"K
             -",10
  46              {0x00, 0x40, 0xC0, 0x40, 0x00, 0x00, 0x00, 0x00, 0x00, 0x20, 0x3F, 0x20, 0x20, 0x20, 0x38, 0x00}, //"L
             -",11
  47              {0x00, 0x40, 0xC0, 0xC0, 0x00, 0xC0, 0xC0, 0x40, 0x00, 0x20, 0x3F, 0x21, 0x06, 0x21, 0x3F, 0x20}, //"M
             -",12
  48              {0x40, 0xC0, 0xC0, 0x00, 0x00, 0x40, 0xC0, 0x40, 0x20, 0x3F, 0x20, 0x03, 0x0C, 0x30, 0x3F, 0x00}, //"N
             -",13
  49              {0x00, 0x00, 0x80, 0x40, 0x40, 0x40, 0x80, 0x00, 0x00, 0x0F, 0x10, 0x20, 0x20, 0x20, 0x10, 0x0F}, //"O
             -",14
  50              {0x00, 0x40, 0xC0, 0x40, 0x40, 0x40, 0x80, 0x00, 0x00, 0x20, 0x3F, 0x24, 0x04, 0x04, 0x03, 0x00}, //"P
             -",15
  51              {0x00, 0x00, 0x80, 0x40, 0x40, 0x40, 0x80, 0x00, 0x00, 0x0F, 0x10, 0x60, 0x60, 0x60, 0x50, 0x4F}, //"Q
             -",16
  52              {0x00, 0x40, 0xC0, 0x40, 0x40, 0x40, 0x80, 0x00, 0x00, 0x20, 0x3F, 0x24, 0x04, 0x0C, 0x13, 0x20}, //"R
             -",17
  53              {0x00, 0x80, 0x40, 0x40, 0x40, 0x80, 0xC0, 0x00, 0x00, 0x31, 0x12, 0x22, 0x22, 0x22, 0x1C, 0x00}, //"S
             -",18
  54              {0x00, 0xC0, 0x40, 0x40, 0xC0, 0x40, 0x40, 0xC0, 0x00, 0x00, 0x00, 0x20, 0x3F, 0x20, 0x00, 0x00}, //"T
             -",19
  55              {0x00, 0x40, 0xC0, 0x40, 0x00, 0x40, 0xC0, 0x40, 0x00, 0x00, 0x1F, 0x20, 0x20, 0x20, 0x1F, 0x00}, //"U
             -",20
  56              {0x40, 0xC0, 0x40, 0x00, 0x00, 0x40, 0xC0, 0x40, 0x00, 0x01, 0x0E, 0x30, 0x30, 0x0E, 0x01, 0x00}, //"V
             -",21
  57              {0x00, 0x40, 0xC0, 0x40, 0x00, 0x40, 0xC0, 0x40, 0x00, 0x00, 0x1F, 0x20, 0x1E, 0x20, 0x1F, 0x00}, //"W
             -",22
  58              {0x00, 0x40, 0xC0, 0x40, 0x00, 0x40, 0xC0, 0x40, 0x00, 0x20, 0x30, 0x29, 0x06, 0x29, 0x30, 0x20}, //"X
             -",23
  59              {0x00, 0x40, 0xC0, 0x40, 0x00, 0x40, 0xC0, 0x40, 0x00, 0x00, 0x00, 0x23, 0x3C, 0x23, 0x00, 0x00}, //"Y
             -",24
  60              {0x00, 0x00, 0xC0, 0x40, 0x40, 0x40, 0xC0, 0x00, 0x00, 0x00, 0x30, 0x28, 0x26, 0x21, 0x30, 0x00}, //"Z
             -",25
  61          };
  62          
  63          // 16x16字体数据 (0-9, ':', '-', '/', ' ')
  64          unsigned char code Font_16x16[][32] = {
  65              {0x00,0x00,0x00,0xE0,0xF8,0x1C,0x06,0x06,0x06,0x06,0x1C,0xF8,0xE0,0x00,0x00,0x00,
  66               0x00,0x00,0x00,0x0F,0x3F,0x70,0xC0,0xC0,0xC0,0xC0,0x70,0x3F,0x0F,0x00,0x00,0x00}, /*"0",0*/
  67          
  68              {0x00,0x00,0x00,0x18,0x18,0x1C,0x0C,0xFC,0xFE,0x00,0x00,0x00,0x00,0x00,0x00,0x00,
  69               0x00,0x00,0x00,0xC0,0xC0,0xC0,0xC0,0xFF,0xFF,0xC0,0xC0,0xC0,0xC0,0x00,0x00,0x00}, /*"1",1*/
  70          
  71              {0x00,0x00,0x38,0x3C,0x0C,0x06,0x06,0x06,0x06,0x06,0x8C,0xFC,0x70,0x00,0x00,0x00,
  72               0x00,0x00,0xC0,0xE0,0xF0,0xD8,0xCC,0xC6,0xC6,0xC3,0xC1,0xC0,0xC0,0x00,0x00,0x00}, /*"2",2*/
  73          
  74              {0x00,0x00,0x00,0x00,0x0C,0x0C,0x86,0x86,0x86,0xCE,0x7C,0x38,0x00,0x00,0x00,0x00,
  75               0x00,0x00,0x00,0x60,0xE0,0xC0,0xC1,0xC1,0xC1,0xC3,0x63,0x7E,0x3C,0x00,0x00,0x00}, /*"3",3*/
  76          
  77              {0x00,0x00,0x00,0x00,0x80,0xE0,0x70,0x3C,0x0E,0xFE,0xFE,0x00,0x00,0x00,0x00,0x00,
  78               0x00,0x00,0x1C,0x1E,0x1B,0x19,0xD8,0xD8,0xD8,0xFF,0xFF,0xD8,0xD8,0x00,0x00,0x00}, /*"4",4*/
  79          
  80              {0x00,0x00,0x00,0xFE,0xFE,0x86,0xC6,0xC6,0xC6,0xC6,0x86,0x86,0x00,0x00,0x00,0x00,
C51 COMPILER V9.60.7.0   FONT                                                              11/18/2025 22:05:11 PAGE 3   

  81               0x00,0x00,0x60,0x61,0xC1,0xC1,0xC0,0xC0,0xC0,0xC0,0x61,0x7F,0x1E,0x00,0x00,0x00}, /*"5",5*/
  82          
  83              {0x00,0x00,0x80,0xE0,0x70,0x38,0x18,0x0C,0x0C,0x0C,0x0C,0x0C,0x00,0x00,0x00,0x00,
  84               0x00,0x00,0x1F,0x7F,0x63,0xC1,0xC1,0xC1,0xC1,0xE3,0x7F,0x3C,0x00,0x00,0x00,0x00}, /*"6",6*/
  85          
  86              {0x00,0x00,0x00,0x1E,0x1E,0x06,0x06,0x06,0x06,0x86,0xF6,0xFE,0x1E,0x00,0x00,0x00,
  87               0x00,0x00,0x00,0x00,0x00,0x00,0x00,0xE0,0xFC,0x3F,0x07,0x00,0x00,0x00,0x00,0x00}, /*"7",7*/
  88          
  89              {0x00,0x00,0x38,0x7C,0xCE,0x86,0x86,0x86,0x86,0xCE,0x7C,0x38,0x00,0x00,0x00,0x00,
  90               0x00,0x00,0x3C,0x7E,0xE3,0xC1,0xC1,0xC1,0xC1,0xE3,0x7E,0x3C,0x00,0x00,0x00,0x00}, /*"8",8*/
  91          
  92              {0x00,0x00,0x78,0xFC,0x8E,0x06,0x06,0x06,0x06,0x8C,0xFC,0xF0,0x00,0x00,0x00,0x00,
  93               0x00,0x00,0xC0,0xC1,0xC1,0xC3,0xC3,0x63,0x73,0x39,0x1F,0x07,0x00,0x00,0x00,0x00}, /*"9",9*/
  94          
  95              {0x00,0x00,0x00,0x00,0x00,0x00,0x38,0x38,0x38,0x38,0x00,0x00,0x00,0x00,0x00,0x00,
  96               0x00,0x00,0x00,0x00,0x00,0x00,0x38,0x38,0x38,0x38,0x00,0x00,0x00,0x00,0x00,0x00}, /*":" ,10*/
  97          
  98              // '-'
  99              {0x00,0x00,0x00,0x00,0x00,0x00,0x00,0x00,0x00,0x00,0x00,0x00,0x00,0x00,0x00,0x00,
 100               0x00,0x00,0x02,0x02,0x02,0x02,0x02,0x02,0x02,0x02,0x00,0x00,0x00,0x00,0x00,0x00},
 101              // '/'
 102              {0x00,0x00,0x00,0x00,0x00,0x80,0xE0,0x78,0x1E,0x06,0x00,0x00,0x00,0x00,0x00,0x00,
 103               0x00,0x00,0x30,0x3C,0x0F,0x03,0x00,0x00,0x00,0x00,0x00,0x00,0x00,0x00,0x00,0x00},
 104              // ' '
 105              {0x00,0x00,0x00,0x00,0x00,0x00,0x00,0x00,0x00,0x00,0x00,0x00,0x00,0x00,0x00,0x00,
 106               0x00,0x00,0x00,0x00,0x00,0x00,0x00,0x00,0x00,0x00,0x00,0x00,0x00,0x00,0x00,0x00}
 107          };
 108          
 109          
 110          // 获取字符索引
 111          unsigned char GetCharIndex(char c) {
 112   1          if (c >= '0' && c <= '9')
 113   1              return (unsigned char)(c - '0');
 114   1          switch (c) {
 115   2              case ':': return 10;
 116   2              case '-': return 11;
 117   2              case '/': return 12;
 118   2              case '.': return 11; /* 对于24x32字体，点用索引11 */
 119   2              default:  return 13; /* 空格 */
 120   2          }
 121   1      }


MODULE INFORMATION:   STATIC OVERLAYABLE
   CODE SIZE        =     45    ----
   CONSTANT SIZE    =   1088    ----
   XDATA SIZE       =   ----    ----
   PDATA SIZE       =   ----    ----
   DATA SIZE        =   ----    ----
   IDATA SIZE       =   ----    ----
   BIT SIZE         =   ----    ----
END OF MODULE INFORMATION.


C51 COMPILATION COMPLETE.  0 WARNING(S),  0 ERROR(S)
